<?xml version="1.0" encoding="UTF-8"?>
<!-- Generated by org.testng.reporters.JUnitReportReporter -->
<testsuite hostname="DESKTOP-6V6K2PS" failures="0" tests="2" name="testPacknew.TestNgPr" time="0.019" errors="0" timestamp="2024-08-08T13:46:43 IST" skipped="0">
  <testcase classname="testPacknew.TestNgPr" name="SecondTest" time="0.014"/>
  <testcase classname="testPacknew.TestNgPr" name="FirstTest" time="0.005"/>
</testsuite> <!-- testPacknew.TestNgPr -->
